0 info it worked if it ends with ok
1 verbose cli [ 'C:\\Program Files\\nodejs\\node.exe',
1 verbose cli   'C:\\Users\\Flash\\AppData\\Roaming\\npm\\node_modules\\npm\\bin\\npm-cli.js',
1 verbose cli   'start' ]
2 info using npm@3.8.7
3 info using node@v4.4.1
4 verbose run-script [ 'prestart', 'start', 'poststart' ]
5 info lifecycle Tanulo@0.0.1~prestart: Tanulo@0.0.1
6 silly lifecycle Tanulo@0.0.1~prestart: no script for prestart, continuing
7 info lifecycle Tanulo@0.0.1~start: Tanulo@0.0.1
8 verbose lifecycle Tanulo@0.0.1~start: unsafe-perm in lifecycle true
9 verbose lifecycle Tanulo@0.0.1~start: PATH: C:\Users\Flash\AppData\Roaming\npm\node_modules\npm\bin\node-gyp-bin;c:\Users\Flash\Documents\kirdev\tanulo\tanulo\node_modules\.bin;C:\Program Files\nodejs;C:\oracle\app\oracle\product\11.2.0\server\bin;;c:\Program Files\Java\jdk1.8.0_40\bin;C:\Program Files (x86)\Intel\iCLS Client\;C:\Program Files\Intel\iCLS Client\;C:\ProgramData\Oracle\Java\javapath;C:\Program Files (x86)\AMD APP\bin\x86_64;C:\Program Files (x86)\AMD APP\bin\x86;C:\WINDOWS\system32;C:\WINDOWS;C:\WINDOWS\System32\Wbem;C:\WINDOWS\System32\WindowsPowerShell\v1.0\;C:\Program Files (x86)\ATI Technologies\ATI.ACE\Core-Static;C:\Program Files (x86)\Skype\Phone\;C:\Program Files\Intel\Intel(R) Management Engine Components\DAL;C:\Program Files\Intel\Intel(R) Management Engine Components\IPT;C:\Program Files (x86)\Intel\Intel(R) Management Engine Components\DAL;C:\Program Files (x86)\Intel\Intel(R) Management Engine Components\IPT;C:\WINDOWS\system32\config\systemprofile\.dnx\bin;C:\Program Files\Microsoft DNX\Dnvm\;C:\Program Files (x86)\Windows Kits\8.1\Windows Performance Toolkit\;C:\Program Files\nodejs\;C:\Program Files\PostgreSQL\pg95\bin;C:\Program Files\Microsoft SQL Server\120\Tools\Binn\;C:\Program Files (x86)\Microsoft SQL Server\Client SDK\ODBC\130\Tools\Binn\;C:\Program Files (x86)\Microsoft SQL Server\130\Tools\Binn\;C:\Program Files (x86)\Microsoft SQL Server\130\DTS\Binn\;C:\Program Files (x86)\Microsoft SQL Server\130\Tools\Binn\ManagementStudio\;C:\Users\Flash\AppData\Roaming\npm;%USERPROFILE%\AppData\Local\Microsoft\WindowsApps;
10 verbose lifecycle Tanulo@0.0.1~start: CWD: c:\Users\Flash\Documents\kirdev\tanulo\tanulo
11 silly lifecycle Tanulo@0.0.1~start: Args: [ '/d /s /c', 'node ./bin/www' ]
12 silly lifecycle Tanulo@0.0.1~start: Returned: code: 1  signal: null
13 info lifecycle Tanulo@0.0.1~start: Failed to exec start script
14 verbose stack Error: Tanulo@0.0.1 start: `node ./bin/www`
14 verbose stack Exit status 1
14 verbose stack     at EventEmitter.<anonymous> (C:\Users\Flash\AppData\Roaming\npm\node_modules\npm\lib\utils\lifecycle.js:244:16)
14 verbose stack     at emitTwo (events.js:87:13)
14 verbose stack     at EventEmitter.emit (events.js:172:7)
14 verbose stack     at ChildProcess.<anonymous> (C:\Users\Flash\AppData\Roaming\npm\node_modules\npm\lib\utils\spawn.js:24:14)
14 verbose stack     at emitTwo (events.js:87:13)
14 verbose stack     at ChildProcess.emit (events.js:172:7)
14 verbose stack     at maybeClose (internal/child_process.js:827:16)
14 verbose stack     at Process.ChildProcess._handle.onexit (internal/child_process.js:211:5)
15 verbose pkgid Tanulo@0.0.1
16 verbose cwd c:\Users\Flash\Documents\kirdev\tanulo\tanulo
17 error Windows_NT 10.0.14393
18 error argv "C:\\Program Files\\nodejs\\node.exe" "C:\\Users\\Flash\\AppData\\Roaming\\npm\\node_modules\\npm\\bin\\npm-cli.js" "start"
19 error node v4.4.1
20 error npm  v3.8.7
21 error code ELIFECYCLE
22 error Tanulo@0.0.1 start: `node ./bin/www`
22 error Exit status 1
23 error Failed at the Tanulo@0.0.1 start script 'node ./bin/www'.
23 error Make sure you have the latest version of node.js and npm installed.
23 error If you do, this is most likely a problem with the Tanulo package,
23 error not with npm itself.
23 error Tell the author that this fails on your system:
23 error     node ./bin/www
23 error You can get information on how to open an issue for this project with:
23 error     npm bugs Tanulo
23 error Or if that isn't available, you can get their info via:
23 error     npm owner ls Tanulo
23 error There is likely additional logging output above.
24 verbose exit [ 1, true ]
